{"/home/mayck/Projetos/prisma-rest-api/src/server.js": {"path":"/home/mayck/Projetos/prisma-rest-api/src/server.js","statementMap":{"0":{"start":{"line":15,"column":16},"end":{"line":15,"column":34}},"1":{"start":{"line":16,"column":14},"end":{"line":16,"column":39}},"2":{"start":{"line":17,"column":13},"end":{"line":17,"column":28}},"3":{"start":{"line":19,"column":10},"end":{"line":19,"column":33}},"4":{"start":{"line":20,"column":12},"end":{"line":20,"column":21}},"5":{"start":{"line":22,"column":0},"end":{"line":22,"column":16}},"6":{"start":{"line":24,"column":0},"end":{"line":24,"column":24}},"7":{"start":{"line":25,"column":0},"end":{"line":25,"column":48}},"8":{"start":{"line":27,"column":0},"end":{"line":29,"column":3}},"9":{"start":{"line":28,"column":4},"end":{"line":28,"column":63}},"10":{"start":{"line":31,"column":0},"end":{"line":33,"column":2}},"11":{"start":{"line":32,"column":4},"end":{"line":32,"column":44}},"12":{"start":{"line":32,"column":45},"end":{"line":32,"column":52}},"13":{"start":{"line":36,"column":0},"end":{"line":36,"column":25}},"14":{"start":{"line":39,"column":4},"end":{"line":57,"column":5}},"15":{"start":{"line":40,"column":30},"end":{"line":40,"column":58}},"16":{"start":{"line":41,"column":8},"end":{"line":43,"column":9}},"17":{"start":{"line":42,"column":12},"end":{"line":42,"column":96}},"18":{"start":{"line":45,"column":22},"end":{"line":45,"column":58}},"19":{"start":{"line":46,"column":8},"end":{"line":54,"column":11}},"20":{"start":{"line":47,"column":12},"end":{"line":53,"column":13}},"21":{"start":{"line":48,"column":16},"end":{"line":48,"column":80}},"22":{"start":{"line":51,"column":16},"end":{"line":51,"column":45}},"23":{"start":{"line":52,"column":16},"end":{"line":52,"column":23}},"24":{"start":{"line":56,"column":8},"end":{"line":56,"column":15}},"25":{"start":{"line":61,"column":0},"end":{"line":65,"column":3}},"26":{"start":{"line":62,"column":14},"end":{"line":62,"column":36}},"27":{"start":{"line":63,"column":4},"end":{"line":63,"column":21}},"28":{"start":{"line":64,"column":4},"end":{"line":64,"column":14}},"29":{"start":{"line":68,"column":0},"end":{"line":75,"column":3}},"30":{"start":{"line":69,"column":4},"end":{"line":69,"column":21}},"31":{"start":{"line":71,"column":4},"end":{"line":74,"column":72}},"32":{"start":{"line":72,"column":8},"end":{"line":72,"column":86}},"33":{"start":{"line":74,"column":8},"end":{"line":74,"column":72}},"34":{"start":{"line":77,"column":13},"end":{"line":77,"column":37}},"35":{"start":{"line":80,"column":0},"end":{"line":80,"column":115}},"36":{"start":{"line":80,"column":48},"end":{"line":80,"column":112}}},"fnMap":{"0":{"name":"(anonymous_0)","decl":{"start":{"line":27,"column":13},"end":{"line":27,"column":14}},"loc":{"start":{"line":27,"column":33},"end":{"line":29,"column":1}},"line":27},"1":{"name":"(anonymous_1)","decl":{"start":{"line":31,"column":8},"end":{"line":31,"column":9}},"loc":{"start":{"line":31,"column":34},"end":{"line":33,"column":1}},"line":31},"2":{"name":"validateUser","decl":{"start":{"line":38,"column":9},"end":{"line":38,"column":21}},"loc":{"start":{"line":38,"column":38},"end":{"line":58,"column":1}},"line":38},"3":{"name":"(anonymous_3)","decl":{"start":{"line":46,"column":50},"end":{"line":46,"column":51}},"loc":{"start":{"line":46,"column":74},"end":{"line":54,"column":9}},"line":46},"4":{"name":"(anonymous_4)","decl":{"start":{"line":61,"column":8},"end":{"line":61,"column":9}},"loc":{"start":{"line":61,"column":34},"end":{"line":65,"column":1}},"line":61},"5":{"name":"(anonymous_5)","decl":{"start":{"line":68,"column":8},"end":{"line":68,"column":9}},"loc":{"start":{"line":68,"column":39},"end":{"line":75,"column":1}},"line":68},"6":{"name":"(anonymous_6)","decl":{"start":{"line":80,"column":34},"end":{"line":80,"column":35}},"loc":{"start":{"line":80,"column":46},"end":{"line":80,"column":114}},"line":80}},"branchMap":{"0":{"loc":{"start":{"line":39,"column":4},"end":{"line":57,"column":5}},"type":"if","locations":[{"start":{"line":39,"column":4},"end":{"line":57,"column":5}},{"start":{"line":39,"column":4},"end":{"line":57,"column":5}}],"line":39},"1":{"loc":{"start":{"line":41,"column":8},"end":{"line":43,"column":9}},"type":"if","locations":[{"start":{"line":41,"column":8},"end":{"line":43,"column":9}},{"start":{"line":41,"column":8},"end":{"line":43,"column":9}}],"line":41},"2":{"loc":{"start":{"line":47,"column":12},"end":{"line":53,"column":13}},"type":"if","locations":[{"start":{"line":47,"column":12},"end":{"line":53,"column":13}},{"start":{"line":47,"column":12},"end":{"line":53,"column":13}}],"line":47},"3":{"loc":{"start":{"line":71,"column":4},"end":{"line":74,"column":72}},"type":"if","locations":[{"start":{"line":71,"column":4},"end":{"line":74,"column":72}},{"start":{"line":71,"column":4},"end":{"line":74,"column":72}}],"line":71},"4":{"loc":{"start":{"line":77,"column":13},"end":{"line":77,"column":37}},"type":"binary-expr","locations":[{"start":{"line":77,"column":13},"end":{"line":77,"column":29}},{"start":{"line":77,"column":33},"end":{"line":77,"column":37}}],"line":77}},"s":{"0":1,"1":1,"2":1,"3":1,"4":1,"5":1,"6":1,"7":1,"8":1,"9":0,"10":1,"11":2,"12":2,"13":1,"14":0,"15":0,"16":0,"17":0,"18":0,"19":0,"20":0,"21":0,"22":0,"23":0,"24":0,"25":1,"26":0,"27":0,"28":0,"29":1,"30":0,"31":0,"32":0,"33":0,"34":1,"35":1,"36":1},"f":{"0":0,"1":2,"2":0,"3":0,"4":0,"5":0,"6":1},"b":{"0":[0,0],"1":[0,0],"2":[0,0],"3":[0,0],"4":[1,1]},"_coverageSchema":"1a1c01bbd47fc00a2c39e90264f33305004495a9","hash":"d023999466fe2beca2b8c341b321d474070e9a74"}
,"/home/mayck/Projetos/prisma-rest-api/src/controllers/UserController.js": {"path":"/home/mayck/Projetos/prisma-rest-api/src/controllers/UserController.js","statementMap":{"0":{"start":{"line":1,"column":15},"end":{"line":1,"column":32}},"1":{"start":{"line":2,"column":12},"end":{"line":2,"column":35}},"2":{"start":{"line":3,"column":25},"end":{"line":3,"column":50}},"3":{"start":{"line":5,"column":15},"end":{"line":5,"column":33}},"4":{"start":{"line":10,"column":60},"end":{"line":10,"column":69}},"5":{"start":{"line":12,"column":22},"end":{"line":26,"column":34}},"6":{"start":{"line":26,"column":24},"end":{"line":26,"column":33}},"7":{"start":{"line":28,"column":8},"end":{"line":31,"column":9}},"8":{"start":{"line":29,"column":12},"end":{"line":29,"column":51}},"9":{"start":{"line":30,"column":12},"end":{"line":30,"column":28}},"10":{"start":{"line":35,"column":21},"end":{"line":39,"column":33}},"11":{"start":{"line":41,"column":8},"end":{"line":48,"column":9}},"12":{"start":{"line":42,"column":12},"end":{"line":47,"column":13}},"13":{"start":{"line":43,"column":30},"end":{"line":43,"column":100}},"14":{"start":{"line":44,"column":16},"end":{"line":44,"column":55}},"15":{"start":{"line":46,"column":16},"end":{"line":46,"column":92}},"16":{"start":{"line":52,"column":0},"end":{"line":52,"column":38}}},"fnMap":{"0":{"name":"(anonymous_0)","decl":{"start":{"line":8,"column":4},"end":{"line":8,"column":5}},"loc":{"start":{"line":8,"column":31},"end":{"line":32,"column":5}},"line":8},"1":{"name":"(anonymous_1)","decl":{"start":{"line":26,"column":17},"end":{"line":26,"column":18}},"loc":{"start":{"line":26,"column":24},"end":{"line":26,"column":33}},"line":26},"2":{"name":"(anonymous_2)","decl":{"start":{"line":34,"column":4},"end":{"line":34,"column":5}},"loc":{"start":{"line":34,"column":39},"end":{"line":49,"column":5}},"line":34}},"branchMap":{"0":{"loc":{"start":{"line":10,"column":29},"end":{"line":10,"column":41}},"type":"default-arg","locations":[{"start":{"line":10,"column":37},"end":{"line":10,"column":41}}],"line":10},"1":{"loc":{"start":{"line":10,"column":43},"end":{"line":10,"column":55}},"type":"default-arg","locations":[{"start":{"line":10,"column":52},"end":{"line":10,"column":55}}],"line":10},"2":{"loc":{"start":{"line":28,"column":8},"end":{"line":31,"column":9}},"type":"if","locations":[{"start":{"line":28,"column":8},"end":{"line":31,"column":9}},{"start":{"line":28,"column":8},"end":{"line":31,"column":9}}],"line":28},"3":{"loc":{"start":{"line":41,"column":8},"end":{"line":48,"column":9}},"type":"if","locations":[{"start":{"line":41,"column":8},"end":{"line":48,"column":9}},{"start":{"line":41,"column":8},"end":{"line":48,"column":9}}],"line":41},"4":{"loc":{"start":{"line":42,"column":12},"end":{"line":47,"column":13}},"type":"if","locations":[{"start":{"line":42,"column":12},"end":{"line":47,"column":13}},{"start":{"line":42,"column":12},"end":{"line":47,"column":13}}],"line":42}},"s":{"0":1,"1":1,"2":1,"3":1,"4":2,"5":2,"6":0,"7":1,"8":1,"9":1,"10":0,"11":0,"12":0,"13":0,"14":0,"15":0,"16":1},"f":{"0":2,"1":0,"2":0},"b":{"0":[1],"1":[2],"2":[1,0],"3":[0,0],"4":[0,0]},"_coverageSchema":"1a1c01bbd47fc00a2c39e90264f33305004495a9","hash":"f6bcf5100cee6a12b8dd3abb4cf18ee1eaf804ab"}
,"/home/mayck/Projetos/prisma-rest-api/src/routes/users.js": {"path":"/home/mayck/Projetos/prisma-rest-api/src/routes/users.js","statementMap":{"0":{"start":{"line":1,"column":16},"end":{"line":1,"column":34}},"1":{"start":{"line":3,"column":15},"end":{"line":3,"column":31}},"2":{"start":{"line":5,"column":23},"end":{"line":5,"column":63}},"3":{"start":{"line":7,"column":0},"end":{"line":7,"column":37}},"4":{"start":{"line":8,"column":0},"end":{"line":8,"column":50}},"5":{"start":{"line":10,"column":0},"end":{"line":10,"column":24}}},"fnMap":{},"branchMap":{},"s":{"0":1,"1":1,"2":1,"3":1,"4":1,"5":1},"f":{},"b":{},"_coverageSchema":"1a1c01bbd47fc00a2c39e90264f33305004495a9","hash":"8b427c8c245ce7653ed7a8d33aafeff414e884d3"}
}
