TN:
SF:src/server.js
FN:27,(anonymous_0)
FN:31,(anonymous_1)
FN:38,validateUser
FN:46,(anonymous_3)
FN:61,(anonymous_4)
FN:68,(anonymous_5)
FN:80,(anonymous_6)
FNF:7
FNH:2
FNDA:0,(anonymous_0)
FNDA:2,(anonymous_1)
FNDA:0,validateUser
FNDA:0,(anonymous_3)
FNDA:0,(anonymous_4)
FNDA:0,(anonymous_5)
FNDA:1,(anonymous_6)
DA:15,1
DA:16,1
DA:17,1
DA:19,1
DA:20,1
DA:22,1
DA:24,1
DA:25,1
DA:27,1
DA:28,0
DA:31,1
DA:32,2
DA:36,1
DA:39,0
DA:40,0
DA:41,0
DA:42,0
DA:45,0
DA:46,0
DA:47,0
DA:48,0
DA:51,0
DA:52,0
DA:56,0
DA:61,1
DA:62,0
DA:63,0
DA:64,0
DA:68,1
DA:69,0
DA:71,0
DA:72,0
DA:74,0
DA:77,1
DA:80,1
LF:35
LH:16
BRDA:39,0,0,0
BRDA:39,0,1,0
BRDA:41,1,0,0
BRDA:41,1,1,0
BRDA:47,2,0,0
BRDA:47,2,1,0
BRDA:71,3,0,0
BRDA:71,3,1,0
BRDA:77,4,0,1
BRDA:77,4,1,1
BRF:10
BRH:2
end_of_record
TN:
SF:src/controllers/UserController.js
FN:8,(anonymous_0)
FN:26,(anonymous_1)
FN:34,(anonymous_2)
FNF:3
FNH:1
FNDA:2,(anonymous_0)
FNDA:0,(anonymous_1)
FNDA:0,(anonymous_2)
DA:1,1
DA:2,1
DA:3,1
DA:5,1
DA:10,2
DA:12,2
DA:26,0
DA:28,1
DA:29,1
DA:30,1
DA:35,0
DA:41,0
DA:42,0
DA:43,0
DA:44,0
DA:46,0
DA:52,1
LF:17
LH:10
BRDA:10,0,0,1
BRDA:10,1,0,2
BRDA:28,2,0,1
BRDA:28,2,1,0
BRDA:41,3,0,0
BRDA:41,3,1,0
BRDA:42,4,0,0
BRDA:42,4,1,0
BRF:8
BRH:3
end_of_record
TN:
SF:src/routes/users.js
FNF:0
FNH:0
DA:1,1
DA:3,1
DA:5,1
DA:7,1
DA:8,1
DA:10,1
LF:6
LH:6
BRF:0
BRH:0
end_of_record
